[2018-07-15 4:05:36.825268] [info] File /Applications/MAMP/htdocs/wordpress_dev/wp-content/uploads/2018/07/image-112-100x100.png deleted
[2018-07-15 4:05:39.014102] [info] File /Applications/MAMP/htdocs/wordpress_dev/wp-content/uploads/2018/07/image-112-280x280.png deleted
[2018-07-15 4:05:42.437036] [info] File /Applications/MAMP/htdocs/wordpress_dev/wp-content/uploads/2018/07/image-112-300x300.png deleted
[2018-07-15 4:05:47.814476] [info] File /Applications/MAMP/htdocs/wordpress_dev/wp-content/uploads/2018/07/image-112-600x337.png deleted
[2018-07-15 4:05:51.775513] [info] File /Applications/MAMP/htdocs/wordpress_dev/wp-content/uploads/2018/07/image-112-711x400.png deleted
[2018-07-15 4:05:56.006129] [info] File /Applications/MAMP/htdocs/wordpress_dev/wp-content/uploads/2018/07/image-112-768x432.png deleted
[2018-07-15 4:06:02.266625] [info] File /Applications/MAMP/htdocs/wordpress_dev/wp-content/uploads/2018/07/image-112.png deleted
[2018-07-15 7:44:19.619302] [info] File /Applications/MAMP/htdocs/wordpress_dev/wp-content/uploads//2018/07/image-103-ea0f28706797bf14-100x100.png deleted
[2018-07-15 7:44:23.933763] [info] File /Applications/MAMP/htdocs/wordpress_dev/wp-content/uploads//2018/07/image-103-ea0f28706797bf14-280x280.png deleted
[2018-07-15 7:44:28.666457] [info] File /Applications/MAMP/htdocs/wordpress_dev/wp-content/uploads//2018/07/image-103-ea0f28706797bf14-300x300.png deleted
[2018-07-15 7:44:32.961448] [info] File /Applications/MAMP/htdocs/wordpress_dev/wp-content/uploads//2018/07/image-103-ea0f28706797bf14-600x337.png deleted
[2018-07-15 7:44:36.274385] [info] File /Applications/MAMP/htdocs/wordpress_dev/wp-content/uploads//2018/07/image-103-ea0f28706797bf14-711x400.png deleted
[2018-07-15 7:44:42.194978] [info] File /Applications/MAMP/htdocs/wordpress_dev/wp-content/uploads//2018/07/image-103-ea0f28706797bf14-768x432.png deleted
[2018-07-15 7:44:44.373182] [info] File /Applications/MAMP/htdocs/wordpress_dev/wp-content/uploads//2018/07/image-103-ea0f28706797bf14.png deleted
[2018-07-15 7:44:49.086896] [info] File /Applications/MAMP/htdocs/wordpress_dev/wp-content/uploads//2018/07/image-108-100x100.png deleted
[2018-07-15 7:44:51.235394] [info] File /Applications/MAMP/htdocs/wordpress_dev/wp-content/uploads//2018/07/image-108-280x280.png deleted
[2018-07-15 7:44:53.365168] [info] File /Applications/MAMP/htdocs/wordpress_dev/wp-content/uploads//2018/07/image-108-300x300.png deleted
[2018-07-15 7:44:55.503751] [info] File /Applications/MAMP/htdocs/wordpress_dev/wp-content/uploads//2018/07/image-108-600x337.png deleted
[2018-07-15 7:44:57.791706] [info] File /Applications/MAMP/htdocs/wordpress_dev/wp-content/uploads//2018/07/image-108-711x400.png deleted
[2018-07-15 7:45:00.426944] [info] File /Applications/MAMP/htdocs/wordpress_dev/wp-content/uploads//2018/07/image-108-768x432.png deleted
[2018-07-15 7:45:03.865199] [info] File /Applications/MAMP/htdocs/wordpress_dev/wp-content/uploads//2018/07/image-108.png deleted
[2018-07-15 7:45:05.333765] [info] File /Applications/MAMP/htdocs/wordpress_dev/wp-content/uploads//2018/07/image-109-170287568918f4ea-100x100.png deleted
[2018-07-15 7:45:07.390070] [info] File /Applications/MAMP/htdocs/wordpress_dev/wp-content/uploads//2018/07/image-109-170287568918f4ea-280x280.png deleted
[2018-07-15 7:45:09.765839] [info] File /Applications/MAMP/htdocs/wordpress_dev/wp-content/uploads//2018/07/image-109-170287568918f4ea-300x300.png deleted
[2018-07-15 7:45:12.144391] [info] File /Applications/MAMP/htdocs/wordpress_dev/wp-content/uploads//2018/07/image-109-170287568918f4ea-600x337.png deleted
[2018-07-15 7:45:14.537276] [info] File /Applications/MAMP/htdocs/wordpress_dev/wp-content/uploads//2018/07/image-109-170287568918f4ea-711x400.png deleted
[2018-07-15 7:45:17.300987] [info] File /Applications/MAMP/htdocs/wordpress_dev/wp-content/uploads//2018/07/image-109-170287568918f4ea-768x432.png deleted
[2018-07-15 7:45:20.027859] [info] File /Applications/MAMP/htdocs/wordpress_dev/wp-content/uploads//2018/07/image-109-170287568918f4ea.png deleted
[2018-07-15 7:45:21.549487] [info] File /Applications/MAMP/htdocs/wordpress_dev/wp-content/uploads//2018/07/image-112-26c04c5b2644aa5d-100x100.png deleted
[2018-07-15 7:45:26.950810] [info] File /Applications/MAMP/htdocs/wordpress_dev/wp-content/uploads//2018/07/image-112-26c04c5b2644aa5d-280x280.png deleted
[2018-07-15 7:45:30.529134] [info] File /Applications/MAMP/htdocs/wordpress_dev/wp-content/uploads//2018/07/image-112-26c04c5b2644aa5d-300x300.png deleted
[2018-07-15 7:45:32.826127] [info] File /Applications/MAMP/htdocs/wordpress_dev/wp-content/uploads//2018/07/image-112-26c04c5b2644aa5d-600x337.png deleted
[2018-07-15 7:45:42.274158] [info] File /Applications/MAMP/htdocs/wordpress_dev/wp-content/uploads//2018/07/image-112-26c04c5b2644aa5d-711x400.png deleted
[2018-07-15 7:45:47.723953] [info] File /Applications/MAMP/htdocs/wordpress_dev/wp-content/uploads//2018/07/image-112-26c04c5b2644aa5d-768x432.png deleted
[2018-07-15 7:45:50.442620] [info] File /Applications/MAMP/htdocs/wordpress_dev/wp-content/uploads//2018/07/image-112-26c04c5b2644aa5d.png deleted
[2018-07-15 7:45:51.800802] [info] File /Applications/MAMP/htdocs/wordpress_dev/wp-content/uploads//2018/07/image-60-735eb4a0bbfe64c8-100x100.png deleted
[2018-07-15 7:45:53.847621] [info] File /Applications/MAMP/htdocs/wordpress_dev/wp-content/uploads//2018/07/image-60-735eb4a0bbfe64c8-280x280.png deleted
[2018-07-15 7:45:55.954313] [info] File /Applications/MAMP/htdocs/wordpress_dev/wp-content/uploads//2018/07/image-60-735eb4a0bbfe64c8-300x300.png deleted
[2018-07-15 7:45:58.322345] [info] File /Applications/MAMP/htdocs/wordpress_dev/wp-content/uploads//2018/07/image-60-735eb4a0bbfe64c8-600x337.png deleted
[2018-07-15 7:46:02.277833] [info] File /Applications/MAMP/htdocs/wordpress_dev/wp-content/uploads//2018/07/image-60-735eb4a0bbfe64c8-711x400.png deleted
[2018-07-15 7:46:07.057368] [info] File /Applications/MAMP/htdocs/wordpress_dev/wp-content/uploads//2018/07/image-60-735eb4a0bbfe64c8-768x432.png deleted
[2018-07-15 7:46:10.839225] [info] File /Applications/MAMP/htdocs/wordpress_dev/wp-content/uploads//2018/07/image-60-735eb4a0bbfe64c8.png deleted
[2018-07-15 7:46:12.196039] [info] File /Applications/MAMP/htdocs/wordpress_dev/wp-content/uploads//2018/07/image-60-b81fb4fd243f554f-100x100.png deleted
[2018-07-15 7:46:16.025110] [info] File /Applications/MAMP/htdocs/wordpress_dev/wp-content/uploads//2018/07/image-60-b81fb4fd243f554f-280x280.png deleted
[2018-07-15 7:46:18.018986] [info] File /Applications/MAMP/htdocs/wordpress_dev/wp-content/uploads//2018/07/image-60-b81fb4fd243f554f-300x300.png deleted
[2018-07-15 7:46:21.242928] [info] File /Applications/MAMP/htdocs/wordpress_dev/wp-content/uploads//2018/07/image-60-b81fb4fd243f554f-600x337.png deleted
[2018-07-15 7:46:23.843770] [info] File /Applications/MAMP/htdocs/wordpress_dev/wp-content/uploads//2018/07/image-60-b81fb4fd243f554f-711x400.png deleted
[2018-07-15 7:46:38.603544] [info] File /Applications/MAMP/htdocs/wordpress_dev/wp-content/uploads//2018/07/image-60-b81fb4fd243f554f-768x432.png deleted
[2018-07-15 7:46:41.190481] [info] File /Applications/MAMP/htdocs/wordpress_dev/wp-content/uploads//2018/07/image-60-b81fb4fd243f554f.png deleted
[2018-07-15 7:46:43.020338] [info] File /Applications/MAMP/htdocs/wordpress_dev/wp-content/uploads//2018/07/image-665b3c49e15960c-100x100.png deleted
[2018-07-15 7:46:44.962464] [info] File /Applications/MAMP/htdocs/wordpress_dev/wp-content/uploads//2018/07/image-665b3c49e15960c-280x280.png deleted
[2018-07-15 7:49:19.156405] [info] File /Applications/MAMP/htdocs/wordpress_dev/wp-content/uploads//2018/07/image-665b3c49e15960c-300x300.png deleted
[2018-07-15 7:49:21.365432] [info] File /Applications/MAMP/htdocs/wordpress_dev/wp-content/uploads//2018/07/image-665b3c49e15960c-600x337.png deleted
[2018-07-15 7:49:30.107692] [info] File /Applications/MAMP/htdocs/wordpress_dev/wp-content/uploads//2018/07/image-665b3c49e15960c-711x400.png deleted
[2018-07-15 7:49:32.758419] [info] File /Applications/MAMP/htdocs/wordpress_dev/wp-content/uploads//2018/07/image-665b3c49e15960c-768x432.png deleted
[2018-07-15 7:49:35.525358] [info] File /Applications/MAMP/htdocs/wordpress_dev/wp-content/uploads//2018/07/image-665b3c49e15960c.png deleted
[2018-07-15 7:49:37.329876] [info] File /Applications/MAMP/htdocs/wordpress_dev/wp-content/uploads//2018/07/image-705b3c50908ffdf-100x100.png deleted
[2018-07-15 7:49:39.387617] [info] File /Applications/MAMP/htdocs/wordpress_dev/wp-content/uploads//2018/07/image-705b3c50908ffdf-280x280.png deleted
[2018-07-15 7:49:44.188432] [info] File /Applications/MAMP/htdocs/wordpress_dev/wp-content/uploads//2018/07/image-705b3c50908ffdf-300x300.png deleted
[2018-07-15 7:49:46.390769] [info] File /Applications/MAMP/htdocs/wordpress_dev/wp-content/uploads//2018/07/image-705b3c50908ffdf-600x337.png deleted
[2018-07-15 7:50:24.966976] [info] File /Applications/MAMP/htdocs/wordpress_dev/wp-content/uploads//2018/07/image-705b3c50908ffdf-711x400.png deleted
[2018-07-15 7:50:27.285643] [info] File /Applications/MAMP/htdocs/wordpress_dev/wp-content/uploads//2018/07/image-705b3c50908ffdf-768x432.png deleted
[2018-07-15 7:50:29.938091] [info] File /Applications/MAMP/htdocs/wordpress_dev/wp-content/uploads//2018/07/image-705b3c50908ffdf.png deleted
[2018-07-15 7:50:31.432228] [info] File /Applications/MAMP/htdocs/wordpress_dev/wp-content/uploads//2018/07/image-78-50170a08963aadd3-100x100.png deleted
[2018-07-15 7:50:33.213259] [info] File /Applications/MAMP/htdocs/wordpress_dev/wp-content/uploads//2018/07/image-78-50170a08963aadd3-280x280.png deleted
[2018-07-15 7:50:35.213798] [info] File /Applications/MAMP/htdocs/wordpress_dev/wp-content/uploads//2018/07/image-78-50170a08963aadd3-300x300.png deleted
[2018-07-15 7:50:39.062226] [info] File /Applications/MAMP/htdocs/wordpress_dev/wp-content/uploads//2018/07/image-78-50170a08963aadd3-600x337.png deleted
[2018-07-15 7:50:41.154334] [info] File /Applications/MAMP/htdocs/wordpress_dev/wp-content/uploads//2018/07/image-78-50170a08963aadd3-711x400.png deleted
[2018-07-15 7:50:43.960248] [info] File /Applications/MAMP/htdocs/wordpress_dev/wp-content/uploads//2018/07/image-78-50170a08963aadd3-768x432.png deleted
[2018-07-15 7:50:50.188400] [info] File /Applications/MAMP/htdocs/wordpress_dev/wp-content/uploads//2018/07/image-78-50170a08963aadd3.png deleted
[2018-07-15 7:50:51.523574] [info] File /Applications/MAMP/htdocs/wordpress_dev/wp-content/uploads//2018/07/image-93-3202f944734c76c9-100x100.png deleted
[2018-07-15 7:50:53.902795] [info] File /Applications/MAMP/htdocs/wordpress_dev/wp-content/uploads//2018/07/image-93-3202f944734c76c9-280x280.png deleted
[2018-07-15 7:50:55.651232] [info] File /Applications/MAMP/htdocs/wordpress_dev/wp-content/uploads//2018/07/image-93-3202f944734c76c9-300x300.png deleted
[2018-07-15 7:50:57.885186] [info] File /Applications/MAMP/htdocs/wordpress_dev/wp-content/uploads//2018/07/image-93-3202f944734c76c9-600x337.png deleted
[2018-07-15 7:51:00.448688] [info] File /Applications/MAMP/htdocs/wordpress_dev/wp-content/uploads//2018/07/image-93-3202f944734c76c9-711x400.png deleted
[2018-07-15 7:51:02.982913] [info] File /Applications/MAMP/htdocs/wordpress_dev/wp-content/uploads//2018/07/image-93-3202f944734c76c9-768x432.png deleted
[2018-07-15 7:51:05.787031] [info] File /Applications/MAMP/htdocs/wordpress_dev/wp-content/uploads//2018/07/image-93-3202f944734c76c9.png deleted
[2018-07-15 7:51:07.351475] [info] File /Applications/MAMP/htdocs/wordpress_dev/wp-content/uploads//2018/07/image-96-5b3c515eb1fe4-100x100.png deleted
[2018-07-15 7:51:09.295883] [info] File /Applications/MAMP/htdocs/wordpress_dev/wp-content/uploads//2018/07/image-96-5b3c515eb1fe4-280x280.png deleted
[2018-07-15 7:51:12.363590] [info] File /Applications/MAMP/htdocs/wordpress_dev/wp-content/uploads//2018/07/image-96-5b3c515eb1fe4-300x300.png deleted
[2018-07-15 7:51:15.589957] [info] File /Applications/MAMP/htdocs/wordpress_dev/wp-content/uploads//2018/07/image-96-5b3c515eb1fe4-600x337.png deleted
[2018-07-15 7:51:17.997262] [info] File /Applications/MAMP/htdocs/wordpress_dev/wp-content/uploads//2018/07/image-96-5b3c515eb1fe4-711x400.png deleted
[2018-07-15 7:51:20.895253] [info] File /Applications/MAMP/htdocs/wordpress_dev/wp-content/uploads//2018/07/image-96-5b3c515eb1fe4-768x432.png deleted
[2018-07-15 7:51:23.323281] [info] File /Applications/MAMP/htdocs/wordpress_dev/wp-content/uploads//2018/07/image-96-5b3c515eb1fe4.png deleted
[2018-07-15 7:51:24.754240] [info] File /Applications/MAMP/htdocs/wordpress_dev/wp-content/uploads//2018/07/image-98-dd101fd3d3fc7e37-100x100.png deleted
[2018-07-15 7:51:26.817082] [info] File /Applications/MAMP/htdocs/wordpress_dev/wp-content/uploads//2018/07/image-98-dd101fd3d3fc7e37-280x280.png deleted
[2018-07-15 7:51:28.861645] [info] File /Applications/MAMP/htdocs/wordpress_dev/wp-content/uploads//2018/07/image-98-dd101fd3d3fc7e37-300x300.png deleted
[2018-07-15 7:51:33.298924] [info] File /Applications/MAMP/htdocs/wordpress_dev/wp-content/uploads//2018/07/image-98-dd101fd3d3fc7e37-600x337.png deleted
[2018-07-15 7:51:35.925281] [info] File /Applications/MAMP/htdocs/wordpress_dev/wp-content/uploads//2018/07/image-98-dd101fd3d3fc7e37-711x400.png deleted
[2018-07-15 7:51:38.768954] [info] File /Applications/MAMP/htdocs/wordpress_dev/wp-content/uploads//2018/07/image-98-dd101fd3d3fc7e37-768x432.png deleted
[2018-07-15 7:51:40.986432] [info] File /Applications/MAMP/htdocs/wordpress_dev/wp-content/uploads//2018/07/image-98-dd101fd3d3fc7e37.png deleted
