[2018-07-15 4:04:56.724802] [debug] Metadata dump:
Array
(
    [width] => 1366
    [height] => 768
    [file] => 2018/07/image-112.png
    [sizes] => Array
        (
            [thumbnail] => Array
                (
                    [file] => image-112-280x280.png
                    [width] => 280
                    [height] => 280
                    [mime-type] => image/png
                )

            [medium] => Array
                (
                    [file] => image-112-711x400.png
                    [width] => 711
                    [height] => 400
                    [mime-type] => image/png
                )

            [medium_large] => Array
                (
                    [file] => image-112-768x432.png
                    [width] => 768
                    [height] => 432
                    [mime-type] => image/png
                )

            [woocommerce_thumbnail] => Array
                (
                    [file] => image-112-300x300.png
                    [width] => 300
                    [height] => 300
                    [mime-type] => image/png
                    [uncropped] => 1
                )

            [woocommerce_single] => Array
                (
                    [file] => image-112-600x337.png
                    [width] => 600
                    [height] => 337
                    [mime-type] => image/png
                )

            [woocommerce_gallery_thumbnail] => Array
                (
                    [file] => image-112-100x100.png
                    [width] => 100
                    [height] => 100
                    [mime-type] => image/png
                )

            [shop_catalog] => Array
                (
                    [file] => image-112-300x300.png
                    [width] => 300
                    [height] => 300
                    [mime-type] => image/png
                )

            [shop_single] => Array
                (
                    [file] => image-112-600x337.png
                    [width] => 600
                    [height] => 337
                    [mime-type] => image/png
                )

            [shop_thumbnail] => Array
                (
                    [file] => image-112-100x100.png
                    [width] => 100
                    [height] => 100
                    [mime-type] => image/png
                )

        )

    [image_meta] => Array
        (
            [aperture] => 0
            [credit] => 
            [camera] => 
            [caption] => 
            [created_timestamp] => 0
            [copyright] => 
            [focal_length] => 0
            [iso] => 0
            [shutter_speed] => 0
            [title] => 
            [orientation] => 0
            [keywords] => Array
                (
                )

        )

)

[2018-07-15 4:04:56.725915] [info] Add schedule. File - /Applications/MAMP/htdocs/wordpress_dev/wp-content/uploads/2018/07/image-112.png
[2018-07-15 4:04:56.726093] [info] Add schedule. File - /Applications/MAMP/htdocs/wordpress_dev/wp-content/uploads/2018/07/image-112-280x280.png
[2018-07-15 4:04:56.726272] [info] Add schedule. File - /Applications/MAMP/htdocs/wordpress_dev/wp-content/uploads/2018/07/image-112-711x400.png
[2018-07-15 4:04:56.726440] [info] Add schedule. File - /Applications/MAMP/htdocs/wordpress_dev/wp-content/uploads/2018/07/image-112-768x432.png
[2018-07-15 4:04:56.726618] [info] Add schedule. File - /Applications/MAMP/htdocs/wordpress_dev/wp-content/uploads/2018/07/image-112-300x300.png
[2018-07-15 4:04:56.726861] [info] Add schedule. File - /Applications/MAMP/htdocs/wordpress_dev/wp-content/uploads/2018/07/image-112-600x337.png
[2018-07-15 4:04:56.727116] [info] Add schedule. File - /Applications/MAMP/htdocs/wordpress_dev/wp-content/uploads/2018/07/image-112-100x100.png
[2018-07-15 4:04:56.727333] [info] Add schedule. File - /Applications/MAMP/htdocs/wordpress_dev/wp-content/uploads/2018/07/image-112-300x300.png
[2018-07-15 4:04:56.727557] [info] Add schedule. File - /Applications/MAMP/htdocs/wordpress_dev/wp-content/uploads/2018/07/image-112-600x337.png
[2018-07-15 4:04:56.727819] [info] Add schedule. File - /Applications/MAMP/htdocs/wordpress_dev/wp-content/uploads/2018/07/image-112-100x100.png
[2018-07-15 4:04:56.727998] [debug] Schedules dump: Array
(
    [1531627499] => Array
        (
            [dos_scan_redis_hook] => Array
                (
                    [40cd750bba9870f18aada2478b24840a] => Array
                        (
                            [schedule] => dos_scan_schedule
                            [args] => Array
                                (
                                )

                            [interval] => 30
                        )

                )

        )

    [1531630144] => Array
        (
            [woocommerce_cancel_unpaid_orders] => Array
                (
                    [40cd750bba9870f18aada2478b24840a] => Array
                        (
                            [schedule] => 
                            [args] => Array
                                (
                                )

                        )

                )

        )

    [1531630392] => Array
        (
            [wp_privacy_delete_old_export_files] => Array
                (
                    [40cd750bba9870f18aada2478b24840a] => Array
                        (
                            [schedule] => hourly
                            [args] => Array
                                (
                                )

                            [interval] => 3600
                        )

                )

        )

    [1531639775] => Array
        (
            [wp_scheduled_auto_draft_delete] => Array
                (
                    [40cd750bba9870f18aada2478b24840a] => Array
                        (
                            [schedule] => daily
                            [args] => Array
                                (
                                )

                            [interval] => 86400
                        )

                )

        )

    [1531650671] => Array
        (
            [wp_version_check] => Array
                (
                    [40cd750bba9870f18aada2478b24840a] => Array
                        (
                            [schedule] => twicedaily
                            [args] => Array
                                (
                                )

                            [interval] => 43200
                        )

                )

            [wp_update_plugins] => Array
                (
                    [40cd750bba9870f18aada2478b24840a] => Array
                        (
                            [schedule] => twicedaily
                            [args] => Array
                                (
                                )

                            [interval] => 43200
                        )

                )

            [wp_update_themes] => Array
                (
                    [40cd750bba9870f18aada2478b24840a] => Array
                        (
                            [schedule] => twicedaily
                            [args] => Array
                                (
                                )

                            [interval] => 43200
                        )

                )

        )

    [1531650759] => Array
        (
            [wp_scheduled_delete] => Array
                (
                    [40cd750bba9870f18aada2478b24840a] => Array
                        (
                            [schedule] => daily
                            [args] => Array
                                (
                                )

                            [interval] => 86400
                        )

                )

            [delete_expired_transients] => Array
                (
                    [40cd750bba9870f18aada2478b24840a] => Array
                        (
                            [schedule] => daily
                            [args] => Array
                                (
                                )

                            [interval] => 86400
                        )

                )

        )

    [1531650944] => Array
        (
            [woocommerce_tracker_send_event] => Array
                (
                    [40cd750bba9870f18aada2478b24840a] => Array
                        (
                            [schedule] => daily
                            [args] => Array
                                (
                                )

                            [interval] => 86400
                        )

                )

            [woocommerce_cleanup_sessions] => Array
                (
                    [40cd750bba9870f18aada2478b24840a] => Array
                        (
                            [schedule] => twicedaily
                            [args] => Array
                                (
                                )

                            [interval] => 43200
                        )

                )

        )

    [1531699200] => Array
        (
            [woocommerce_scheduled_sales] => Array
                (
                    [40cd750bba9870f18aada2478b24840a] => Array
                        (
                            [schedule] => daily
                            [args] => Array
                                (
                                )

                            [interval] => 86400
                        )

                )

        )

    [1533038400] => Array
        (
            [woocommerce_geoip_updater] => Array
                (
                    [40cd750bba9870f18aada2478b24840a] => Array
                        (
                            [schedule] => monthly
                            [args] => Array
                                (
                                )

                            [interval] => 2635200
                        )

                )

        )

)

